<?xml version="1.0" encoding="UTF-8"?>
<!-- Generated by org.testng.reporters.JUnitReportReporter -->
<testsuite hostname="AMIT" failures="0" tests="2" name="copy.copy.phones" time="12.551" errors="0" timestamp="2022-10-05T13:59:38 IST" skipped="0">
  <testcase classname="copy.copy.phones" name="setup" time="6.683"/>
  <system-out/>
  <testcase classname="copy.copy.phones" name="phones" time="5.868"/>
  <system-out/>
</testsuite> <!-- copy.copy.phones -->
