<?xml version="1.0" encoding="UTF-8"?>
<!-- Generated by org.testng.reporters.JUnitReportReporter -->
<testsuite hostname="AMIT" failures="0" tests="5" name="copy.copy.club" time="34.548" errors="0" timestamp="2022-10-05T13:59:38 IST" skipped="0">
  <testcase classname="copy.copy.club" name="setup" time="6.088"/>
  <system-out/>
  <testcase classname="copy.copy.club" name="registration" time="3.643"/>
  <system-out/>
  <testcase classname="copy.copy.club" name="Laptop" time="8.546"/>
  <system-out/>
  <testcase classname="copy.copy.club" name="compent" time="10.672"/>
  <system-out/>
  <testcase classname="copy.copy.club" name="phones" time="5.599"/>
  <system-out/>
</testsuite> <!-- copy.copy.club -->
