<?xml version="1.0" encoding="UTF-8"?>
<!-- Generated by org.testng.reporters.JUnitReportReporter -->
<testsuite hostname="AMIT" failures="0" tests="2" name="copy.copy.compents" time="30.591" errors="0" timestamp="2022-10-05T13:59:38 IST" skipped="0">
  <testcase classname="copy.copy.compents" name="setup" time="15.021"/>
  <system-out/>
  <testcase classname="copy.copy.compents" name="compent" time="15.570"/>
  <system-out/>
</testsuite> <!-- copy.copy.compents -->
