<?xml version="1.0" encoding="UTF-8"?>
<!-- Generated by org.testng.reporters.JUnitReportReporter -->
<testsuite hostname="AMIT" failures="0" tests="2" name="copy.copy.tablet" time="16.589" errors="0" timestamp="06 Jul 2022 08:33:11 GMT" skipped="0">
  <testcase classname="copy.copy.tablet" name="setup" time="15.289"/>
  <testcase classname="copy.copy.tablet" name="tablet" time="1.300"/>
</testsuite> <!-- copy.copy.tablet -->
