<?xml version="1.0" encoding="UTF-8"?>
<!-- Generated by org.testng.reporters.JUnitReportReporter -->
<testsuite hostname="AMIT" failures="0" tests="2" name="copy.copy.registration" time="8.714" errors="0" timestamp="2022-10-05T13:59:38 IST" skipped="0">
  <testcase classname="copy.copy.registration" name="setup" time="6.096"/>
  <system-out/>
  <testcase classname="copy.copy.registration" name="registration" time="2.618"/>
  <system-out/>
</testsuite> <!-- copy.copy.registration -->
