<?xml version="1.0" encoding="UTF-8"?>
<!-- Generated by org.testng.reporters.JUnitReportReporter -->
<testsuite hostname="AMIT" failures="0" tests="2" name="copy.copy.laptop" time="23.133" errors="0" timestamp="2022-10-05T13:59:38 IST" skipped="0">
  <testcase classname="copy.copy.laptop" name="setup" time="5.773"/>
  <system-out/>
  <testcase classname="copy.copy.laptop" name="Laptop" time="17.360"/>
  <system-out/>
</testsuite> <!-- copy.copy.laptop -->
